2025-04-21 02:28:29,642 - WARNING - Tentative de connexion échouée: cannot import name 'DashboardFrame' from 'view.dashboard_view' (c:\Users\FD\Desktop\Project Stage\ah2\view\dashboard_view.py)
2025-04-21 02:28:49,212 - WARNING - Tentative de connexion échouée: Tous les champs sont obligatoires
2025-04-21 02:28:52,372 - WARNING - Identifiants incorrects pour: Med1
2025-04-21 02:28:52,372 - WARNING - Tentative de connexion échouée: Identifiants incorrects
2025-04-21 02:28:58,537 - WARNING - Tentative de connexion échouée: cannot import name 'DashboardFrame' from 'view.dashboard_view' (c:\Users\FD\Desktop\Project Stage\ah2\view\dashboard_view.py)
2025-04-21 02:29:52,302 - WARNING - Tentative de connexion échouée: cannot import name 'DashboardFrame' from 'view.dashboard_view' (c:\Users\FD\Desktop\Project Stage\ah2\view\dashboard_view.py)
2025-04-21 02:32:43,062 - WARNING - Tentative de connexion échouée: 'NoneType' object has no attribute 'name'
2025-04-21 02:33:19,002 - WARNING - Identifiants incorrects pour: Med2
2025-04-21 02:33:19,002 - WARNING - Tentative de connexion échouée: Identifiants incorrects
2025-04-21 02:33:31,884 - WARNING - Identifiants incorrects pour: Med2
2025-04-21 02:33:31,884 - WARNING - Tentative de connexion échouée: Identifiants incorrects
2025-04-21 02:33:33,337 - WARNING - Identifiants incorrects pour: Med2
2025-04-21 02:33:33,337 - WARNING - Tentative de connexion échouée: Identifiants incorrects
2025-04-21 02:33:40,262 - WARNING - Identifiants incorrects pour: Med1
2025-04-21 02:33:40,262 - WARNING - Tentative de connexion échouée: Identifiants incorrects
2025-04-21 02:33:45,672 - WARNING - Tentative de connexion échouée: 'NoneType' object has no attribute 'name'
2025-04-21 02:39:12,211 - WARNING - Identifiants incorrects pour: Med2
2025-04-21 02:39:12,211 - WARNING - Tentative de connexion échouée: Identifiants incorrects
2025-04-21 02:43:29,610 - WARNING - Identifiants incorrects pour: Med02
2025-04-21 02:43:29,610 - WARNING - Tentative de connexion échouée: Identifiants incorrects
2025-04-21 02:43:38,415 - WARNING - Identifiants incorrects pour: Med2
2025-04-21 02:43:38,420 - WARNING - Tentative de connexion échouée: Identifiants incorrects
2025-04-21 02:43:46,414 - WARNING - Identifiants incorrects pour: Med2
2025-04-21 02:43:46,414 - WARNING - Tentative de connexion échouée: Identifiants incorrects
2025-04-21 02:43:50,280 - WARNING - Identifiants incorrects pour: Med2
2025-04-21 02:43:50,280 - WARNING - Tentative de connexion échouée: Identifiants incorrects
2025-04-21 02:43:50,975 - WARNING - Identifiants incorrects pour: Med2
2025-04-21 02:43:50,977 - WARNING - Tentative de connexion échouée: Identifiants incorrects
2025-04-21 02:43:57,600 - WARNING - Tentative de connexion échouée: Tous les champs sont obligatoires
2025-04-21 02:52:16,114 - WARNING - Identifiants incorrects pour: Med2
2025-04-21 02:52:16,114 - WARNING - Tentative de connexion échouée: Identifiants incorrects
2025-04-21 02:52:32,644 - WARNING - Identifiants incorrects pour: Med2
2025-04-21 02:52:32,644 - WARNING - Tentative de connexion échouée: Identifiants incorrects
2025-04-21 02:52:36,810 - WARNING - Identifiants incorrects pour: Med2
2025-04-21 02:52:36,810 - WARNING - Tentative de connexion échouée: Identifiants incorrects
2025-04-21 02:52:37,349 - WARNING - Identifiants incorrects pour: Med2
2025-04-21 02:52:37,349 - WARNING - Tentative de connexion échouée: Identifiants incorrects
2025-04-21 02:52:48,704 - WARNING - Identifiants incorrects pour: Med2
2025-04-21 02:52:48,704 - WARNING - Tentative de connexion échouée: Identifiants incorrects
2025-04-21 02:53:13,895 - WARNING - Tentative de connexion échouée: Tous les champs sont obligatoires
2025-04-21 02:53:14,449 - WARNING - Tentative de connexion échouée: Tous les champs sont obligatoires
2025-04-21 02:53:15,119 - WARNING - Tentative de connexion échouée: Tous les champs sont obligatoires
2025-04-21 02:53:15,550 - WARNING - Tentative de connexion échouée: Tous les champs sont obligatoires
2025-04-21 02:53:15,819 - WARNING - Tentative de connexion échouée: Tous les champs sont obligatoires
2025-04-21 02:54:20,429 - WARNING - Tentative de connexion échouée: Tous les champs sont obligatoires
2025-04-21 02:54:35,399 - WARNING - Identifiants incorrects pour: Med2
2025-04-21 02:54:35,399 - WARNING - Tentative de connexion échouée: Identifiants incorrects
2025-04-21 02:54:37,784 - WARNING - Identifiants incorrects pour: Med2
2025-04-21 02:54:37,784 - WARNING - Tentative de connexion échouée: Identifiants incorrects
2025-04-21 02:54:43,269 - WARNING - Identifiants incorrects pour: Med2
2025-04-21 02:54:43,269 - WARNING - Tentative de connexion échouée: Identifiants incorrects
